#
# There is insufficient memory for the Java Runtime Environment to continue.
# Native memory allocation (malloc) failed to allocate 1048576 bytes for AllocateHeap
# Possible reasons:
#   The system is out of physical RAM or swap space
#   In 32 bit mode, the process size limit was hit
# Possible solutions:
#   Reduce memory load on the system
#   Increase physical memory or swap space
#   Check if swap backing store is full
#   Use 64 bit Java on a 64 bit OS
#   Decrease Java heap size (-Xmx/-Xms)
#   Decrease number of Java threads
#   Decrease Java thread stack sizes (-Xss)
#   Set larger code cache with -XX:ReservedCodeCacheSize=
# This output file may be truncated or incomplete.
#
#  Out of Memory Error (memory/allocation.inline.hpp:61), pid=402812, tid=0x0000000000061da4
#
# JRE version:  (8.0_161-b12) (build )
# Java VM: Java HotSpot(TM) 64-Bit Server VM (25.161-b12 mixed mode windows-amd64 compressed oops)
# Failed to write core dump. Minidumps are not enabled by default on client versions of Windows
#

---------------  T H R E A D  ---------------

Current thread (0x0000000002b22800):  JavaThread "Unknown thread" [_thread_in_vm, id=400804, stack(0x0000000002960000,0x0000000002a60000)]

Stack: [0x0000000002960000,0x0000000002a60000]
[error occurred during error reporting (printing stack bounds), id 0xc0000005]

Native frames: (J=compiled Java code, j=interpreted, Vv=VM code, C=native code)


---------------  P R O C E S S  ---------------

Java Threads: ( => current thread )

Other Threads:

=>0x0000000002b22800 (exited) JavaThread "Unknown thread" [_thread_in_vm, id=400804, stack(0x0000000002960000,0x0000000002a60000)]

VM state:not at safepoint (normal execution)

VM Mutex/Monitor currently owned by a thread: None

Heap:
 PSYoungGen      total 18944K, used 327K [0x00000000eb180000, 0x00000000ec680000, 0x0000000100000000)
  eden space 16384K, 2% used [0x00000000eb180000,0x00000000eb1d1ec8,0x00000000ec180000)
  from space 2560K, 0% used [0x00000000ec400000,0x00000000ec400000,0x00000000ec680000)
  to   space 2560K, 0% used [0x00000000ec180000,0x00000000ec180000,0x00000000ec400000)
 ParOldGen       total 44032K, used 0K [0x00000000c1400000, 0x00000000c3f00000, 0x00000000eb180000)
  object space 44032K, 0% used [0x00000000c1400000,0x00000000c1400000,0x00000000c3f00000)
 Metaspace       used 781K, capacity 4480K, committed 4480K, reserved 1056768K
  class space    used 75K, capacity 384K, committed 384K, reserved 1048576K

Card table byte_map: [0x0000000011fe0000,0x00000000121e0000] byte_map_base: 0x00000000119d6000

Marking Bits: (ParMarkBitMap*) 0x000000006626f860
 Begin Bits: [0x0000000012730000, 0x00000000136e0000)
 End Bits:   [0x00000000136e0000, 0x0000000014690000)

Polling page: 0x0000000000e20000

CodeCache: size=245760Kb used=328Kb max_used=328Kb free=245431Kb
 bounds [0x0000000002c20000, 0x0000000002e90000, 0x0000000011c20000]
 total_blobs=58 nmethods=0 adapters=38
 compilation: enabled

Compilation events (0 events):
No events

GC Heap History (0 events):
No events

Deoptimization events (0 events):
No events

Classes redefined (0 events):
No events

Internal exceptions (0 events):
No events

Events (10 events):
Event: 0.954 loading class java/lang/Short
Event: 0.955 loading class java/lang/Short done
Event: 0.955 loading class java/lang/Integer
Event: 0.955 loading class java/lang/Integer done
Event: 0.955 loading class java/lang/Long
Event: 0.955 loading class java/lang/Long done
Event: 0.958 loading class java/lang/NullPointerException
Event: 0.958 loading class java/lang/NullPointerException done
Event: 0.958 loading class java/lang/ArithmeticException
Event: 0.958 loading class java/lang/ArithmeticException done


Dynamic libraries:
0x00007ff6607a0000 - 0x00007ff6607d7000 	E:\netbean\jdk1.8.0_161\bin\java.exe
0x00007ffe247c0000 - 0x00007ffe24981000 	C:\WINDOWS\SYSTEM32\ntdll.dll
0x00007ffe23620000 - 0x00007ffe236cd000 	C:\WINDOWS\system32\KERNEL32.DLL
0x00007ffe20e70000 - 0x00007ffe21058000 	C:\WINDOWS\system32\KERNELBASE.dll
0x00007ffe237a0000 - 0x00007ffe23847000 	C:\WINDOWS\system32\ADVAPI32.dll
0x00007ffe23ee0000 - 0x00007ffe23f7d000 	C:\WINDOWS\system32\msvcrt.dll
0x00007ffe246f0000 - 0x00007ffe2474b000 	C:\WINDOWS\system32\sechost.dll
0x00007ffe23b80000 - 0x00007ffe23c9d000 	C:\WINDOWS\system32\RPCRT4.dll
0x00007ffe239a0000 - 0x00007ffe23af6000 	C:\WINDOWS\system32\USER32.dll
0x00007ffe23f80000 - 0x00007ffe24107000 	C:\WINDOWS\system32\GDI32.dll
0x00007ffe11650000 - 0x00007ffe118c4000 	C:\WINDOWS\WinSxS\amd64_microsoft.windows.common-controls_6595b64144ccf1df_6.0.10586.839_none_a2ddba30a539a2ae\COMCTL32.dll
0x00007ffe21bc0000 - 0x00007ffe21e3e000 	C:\WINDOWS\system32\combase.dll
0x00007ffe21ac0000 - 0x00007ffe21b2a000 	C:\WINDOWS\system32\bcryptPrimitives.dll
0x00007ffe23dd0000 - 0x00007ffe23e0b000 	C:\WINDOWS\system32\IMM32.DLL
0x0000000065970000 - 0x0000000065a42000 	E:\netbean\jdk1.8.0_161\jre\bin\msvcr100.dll
0x0000000065a50000 - 0x00000000662ef000 	E:\netbean\jdk1.8.0_161\jre\bin\server\jvm.dll
0x00007ffe23e70000 - 0x00007ffe23e78000 	C:\WINDOWS\system32\PSAPI.DLL
0x00007ffe1dbf0000 - 0x00007ffe1dbf9000 	C:\WINDOWS\SYSTEM32\WSOCK32.dll
0x00007ffe23b10000 - 0x00007ffe23b7b000 	C:\WINDOWS\system32\WS2_32.dll
0x00007ffe1eea0000 - 0x00007ffe1eec3000 	C:\WINDOWS\SYSTEM32\WINMM.dll
0x00007ffe16880000 - 0x00007ffe1688a000 	C:\WINDOWS\SYSTEM32\VERSION.dll
0x00007ffe1edb0000 - 0x00007ffe1eddc000 	C:\WINDOWS\SYSTEM32\WINMMBASE.dll
0x00007ffe217c0000 - 0x00007ffe21803000 	C:\WINDOWS\system32\cfgmgr32.dll
0x0000000065920000 - 0x000000006592f000 	E:\netbean\jdk1.8.0_161\jre\bin\verify.dll
0x00000000658f0000 - 0x0000000065919000 	E:\netbean\jdk1.8.0_161\jre\bin\java.dll
0x00000000654d0000 - 0x0000000065505000 	E:\netbean\jdk1.8.0_161\jre\bin\jdwp.dll
0x00000000654c0000 - 0x00000000654c8000 	E:\netbean\jdk1.8.0_161\jre\bin\npt.dll
0x00000000658d0000 - 0x00000000658e6000 	E:\netbean\jdk1.8.0_161\jre\bin\zip.dll

VM Arguments:
jvm_args: -Xdebug -Xrunjdwp:transport=dt_shmem,address=javadebug -Dfile.encoding=UTF-8 
java_command: pra.admin
java_class_path (initial): E:\Course\Sixth Semester\Modern Programming Language\UCanAccess Driver\UCanAccess-4.0.4-bin\ucanaccess-4.0.4.jar;E:\Course\Sixth Semester\Modern Programming Language\UCanAccess Driver\UCanAccess-4.0.4-bin\lib\commons-lang-2.6.jar;E:\Course\Sixth Semester\Modern Programming Language\UCanAccess Driver\UCanAccess-4.0.4-bin\lib\commons-logging-1.1.3.jar;E:\Course\Sixth Semester\Modern Programming Language\UCanAccess Driver\UCanAccess-4.0.4-bin\lib\hsqldb.jar;E:\Course\Sixth Semester\Modern Programming Language\UCanAccess Driver\UCanAccess-4.0.4-bin\lib\jackcess-2.1.11.jar;C:\Program Files\NetBeans 8.2\java\modules\ext\AbsoluteLayout.jar;E:\New folder\Compressed\Rs2xml_Jar\Rs2xml_Jar.zip;C:\Program Files\NetBeans 8.2\java\modules\ext\beansbinding-1.2.1.jar;E:\New folder\JTattoo-1.6.11.jar;E:\New folder\Compressed\JTattooSamples-sources.zip;E:\New folder\rs2xml.jar;C:\Users\Zeeshan Liaqaty\Documents\NetBeansProjects\pra\build\classes
Launcher Type: SUN_STANDARD

Environment Variables:
JAVA_HOME=C:\Programfiles\Java\jre1.8.0_171
PATH=C:\Program Files (x86)\Common Files\Oracle\Java\javapath;C:\ProgramData\Oracle\Java\javapath;C:\Program Files (x86)\Intel\iCLS Client\;C:\Program Files\Intel\iCLS Client\;C:\WINDOWS\system32;C:\WINDOWS;C:\WINDOWS\System32\Wbem;C:\WINDOWS\System32\WindowsPowerShell\v1.0\;C:\Program Files (x86)\Intel\Intel(R) Management Engine Components\DAL;C:\Program Files\Intel\Intel(R) Management Engine Components\DAL;C:\Program Files (x86)\Intel\Intel(R) Management Engine Components\IPT;C:\Program Files\Intel\Intel(R) Management Engine Components\IPT;C:\Programfiles\IDM Computer Solution
USERNAME=Zeeshan Liaqaty
OS=Windows_NT
PROCESSOR_IDENTIFIER=Intel64 Family 6 Model 61 Stepping 4, GenuineIntel



---------------  S Y S T E M  ---------------

OS: Windows 10.0 , 64 bit Build 10586 (10.0.10586.589)

CPU:total 4 (initial active 4) (2 cores per cpu, 2 threads per core) family 6 model 61 stepping 4, cmov, cx8, fxsr, mmx, sse, sse2, sse3, ssse3, sse4.1, sse4.2, popcnt, avx, avx2, aes, clmul, erms, 3dnowpref, lzcnt, ht, tsc, tscinvbit, bmi1, bmi2, adx

Memory: 4k page, physical 4107804k(463044k free), swap 6023988k(5844k free)

vm_info: Java HotSpot(TM) 64-Bit Server VM (25.161-b12) for windows-amd64 JRE (1.8.0_161-b12), built on Dec 19 2017 17:52:25 by "java_re" with MS VC++ 10.0 (VS2010)

time: Sun Jun 17 20:35:44 2018
elapsed time: 1 seconds (0d 0h 0m 1s)

